
SQL*Loader: Release 11.2.0.1.0 - Production on Mié Mar 18 15:40:25 2015

Copyright (c) 1982, 2009, Oracle and/or its affiliates.  All rights reserved.

Archivo de Control:   sqlldr-add-new.ctl
Archivo de Datos:      params.csv
  Archivo de Errores:     params.bad
  Desechar Archivo:  ninguno especificado
 
 (Permitir todos los registros desechados)

Número a cargar: ALL
Número a ignorar: 0
Errores permitidos: 50
Matriz de enlace:     64 filas, máximo de 256000 bytes
Continuación:    ninguno especificado
Ruta de acceso utilizada:      Convencional

Tabla SIS.INPUTBUFFER, cargada de cada registro lógico.
Opción INSERT activa para esta tabla: INSERT
Opción TRAILING NULLCOLS activada

   Nombre Columna               Posición   Long  Term Entorno Tipo de Dato
------------------------------ ---------- ----- ---- ---- ---------------------
ID                                  FIRST     *   ;       CHARACTER            
PROBLSALUD                           NEXT     *   ;       CHARACTER            
RAMA                                 NEXT     *   ;       CHARACTER            
FAMRAMA                              NEXT     *   ;       CHARACTER            
PRESTACION                           NEXT     *   ;       CHARACTER            
ARANCEL                              NEXT     *   ;       CHARACTER            
EDAD                                 NEXT     *   ;       CHARACTER            
SEXO                                 NEXT     *   ;       CHARACTER            
FRECUENCIA                           NEXT     *   ;       CHARACTER            
EXCLUYENTES                          NEXT     *   ;       CHARACTER            


Tabla SIS.INPUTBUFFER:
  387 Filas se ha cargado correctamente.
  0 Filas no cargada debido a errores de datos.
  0 Filas no cargada porque todas las cláusulas WHEN han fallado.
  0 Filas no cargada porque todos los campos eran nulos.


Espacio asignado a matriz de enlace:           165120 bytes (64 filas)
Bytes de buffer de lectura: 1048576

Total de registros lógicos ignorados:          0
Total de registros lógicos leídos:         387
Total de registros lógicos rechazados:         0
Total de registros lógicos desechados:        0

La ejecución empezó en Mié Mar 18 15:40:25 2015
La ejecución terminó en Mié Mar 18 15:40:25 2015

Tiempo transcurrido:     00:00:00.28
Tiempo de CPU:         00:00:00.06
