
SQL*Loader: Release 11.2.0.1.0 - Production on Lun Mar 9 10:24:27 2015

Copyright (c) 1982, 2009, Oracle and/or its affiliates.  All rights reserved.

Archivo de Control:   sqlldr-add-new.ctl
Archivo de Datos:      params.csv
  Archivo de Errores:     params.bad
  Desechar Archivo:  ninguno especificado
 
 (Permitir todos los registros desechados)

Número a cargar: ALL
Número a ignorar: 0
Errores permitidos: 50
Matriz de enlace:     64 filas, máximo de 256000 bytes
Continuación:    ninguno especificado
Ruta de acceso utilizada:      Convencional

Tabla SIS.INPUTBUFFER, cargada de cada registro lógico.
Opción INSERT activa para esta tabla: INSERT
Opción TRAILING NULLCOLS activada

   Nombre Columna               Posición   Long  Term Entorno Tipo de Dato
------------------------------ ---------- ----- ---- ---- ---------------------
ID                                  FIRST     *   ;       CHARACTER            
PROBLSALUD                           NEXT     *   ;       CHARACTER            
RAMA                                 NEXT     *   ;       CHARACTER            
FAMRAMA                              NEXT     *   ;       CHARACTER            
PRESTACION                           NEXT     *   ;       CHARACTER            
ARANCEL                              NEXT     *   ;       CHARACTER            
EDAD                                 NEXT     *   ;       CHARACTER            
SEXO                                 NEXT     *   ;       CHARACTER            
FRECUENCIA                           NEXT     *   ;       CHARACTER            
EXCLUYENTES                          NEXT     *   ;       CHARACTER            

SQL*Loader-601: Para la opción INSERT, la tabla debe estar vacía. Error en la tabla SIS.INPUTBUFFER
